This file contains any messages produced by compilers while
running configure, to aid debugging if configure makes a mistake.

It was created by llconf configure 0.4.6, which was
generated by GNU Autoconf 2.69.  Invocation command line was

  $ ./configure --prefix=/home/os/decaf18/decaf-platform/shared/llconf/install

## --------- ##
## Platform. ##
## --------- ##

hostname = os-tsinghua
uname -m = x86_64
uname -r = 3.8.0-29-generic
uname -s = Linux
uname -v = #42~precise1-Ubuntu SMP Wed Aug 14 16:19:23 UTC 2013

/usr/bin/uname -p = unknown
/bin/uname -X     = unknown

/bin/arch              = unknown
/usr/bin/arch -k       = unknown
/usr/convex/getsysinfo = unknown
/usr/bin/hostinfo      = unknown
/bin/machine           = unknown
/usr/bin/oslevel       = unknown
/bin/universe          = unknown

PATH: /home/os/xz/putty-0.63/_install/bin
PATH: /home/os/fie/engine/Release+Asserts/bin
PATH: /home/os/fie/dependencies/llvm-2.9/Release+Asserts/bin
PATH: /home/os/src/arm-eabi-4.6/bin
PATH: /home/os/jdk1.8.0_05/bin
PATH: /home/os/adt-bundle-linux-x86_64-20140321/sdk/tools
PATH: /home/os/klee/klee/Release+Asserts/bin
PATH: /home/os/klee/llvm-3.3.src/llvm33/bin
PATH: /home/os/src/clang+llvm-2.9-x86_64-linux.tar/bin
PATH: /home/os/qemu-2.0.0/qemu2/bin
PATH: /usr/lib/lightdm/lightdm
PATH: /usr/local/sbin
PATH: /usr/local/bin
PATH: /usr/sbin
PATH: /usr/bin
PATH: /sbin
PATH: /bin
PATH: /usr/games


## ----------- ##
## Core tests. ##
## ----------- ##

configure:2594: checking for a BSD-compatible install
configure:2662: result: /usr/bin/install -c
configure:2673: checking whether build environment is sane
configure:2710: result: yes
configure:2772: checking for gawk
configure:2788: found /usr/bin/gawk
configure:2799: result: gawk
configure:2810: checking whether make sets $(MAKE)
configure:2832: result: yes
configure:3086: checking build system type
configure:3100: result: x86_64-unknown-linux-gnu
configure:3120: checking host system type
configure:3133: result: x86_64-unknown-linux-gnu
configure:3165: checking for style of include used by make
configure:3193: result: GNU
configure:3266: checking for gcc
configure:3282: found /usr/bin/gcc
configure:3293: result: gcc
configure:3522: checking for C compiler version
configure:3531: gcc --version >&5
gcc-4.6.real (Ubuntu/Linaro 4.6.3-1ubuntu5) 4.6.3
Copyright (C) 2011 Free Software Foundation, Inc.
This is free software; see the source for copying conditions.  There is NO
warranty; not even for MERCHANTABILITY or FITNESS FOR A PARTICULAR PURPOSE.

configure:3542: $? = 0
configure:3531: gcc -v >&5
Using built-in specs.
COLLECT_GCC=/usr/bin/gcc-4.6.real
COLLECT_LTO_WRAPPER=/usr/lib/gcc/x86_64-linux-gnu/4.6/lto-wrapper
Target: x86_64-linux-gnu
Configured with: ../src/configure -v --with-pkgversion='Ubuntu/Linaro 4.6.3-1ubuntu5' --with-bugurl=file:///usr/share/doc/gcc-4.6/README.Bugs --enable-languages=c,c++,fortran,objc,obj-c++ --prefix=/usr --program-suffix=-4.6 --enable-shared --enable-linker-build-id --with-system-zlib --libexecdir=/usr/lib --without-included-gettext --enable-threads=posix --with-gxx-include-dir=/usr/include/c++/4.6 --libdir=/usr/lib --enable-nls --with-sysroot=/ --enable-clocale=gnu --enable-libstdcxx-debug --enable-libstdcxx-time=yes --enable-gnu-unique-object --enable-plugin --enable-objc-gc --disable-werror --with-arch-32=i686 --with-tune=generic --enable-checking=release --build=x86_64-linux-gnu --host=x86_64-linux-gnu --target=x86_64-linux-gnu
Thread model: posix
gcc version 4.6.3 (Ubuntu/Linaro 4.6.3-1ubuntu5) 
configure:3542: $? = 0
configure:3531: gcc -V >&5
gcc-4.6.real: error: unrecognized option '-V'
gcc-4.6.real: fatal error: no input files
compilation terminated.
configure:3542: $? = 4
configure:3531: gcc -qversion >&5
gcc-4.6.real: error: unrecognized option '-qversion'
gcc-4.6.real: fatal error: no input files
compilation terminated.
configure:3542: $? = 4
configure:3562: checking whether the C compiler works
configure:3584: gcc    conftest.c  >&5
configure:3588: $? = 0
configure:3636: result: yes
configure:3639: checking for C compiler default output file name
configure:3641: result: a.out
configure:3647: checking for suffix of executables
configure:3654: gcc -o conftest    conftest.c  >&5
configure:3658: $? = 0
configure:3680: result: 
configure:3702: checking whether we are cross compiling
configure:3710: gcc -o conftest    conftest.c  >&5
configure:3714: $? = 0
configure:3721: ./conftest
configure:3725: $? = 0
configure:3740: result: no
configure:3745: checking for suffix of object files
configure:3767: gcc -c   conftest.c >&5
configure:3771: $? = 0
configure:3792: result: o
configure:3796: checking whether we are using the GNU C compiler
configure:3815: gcc -c   conftest.c >&5
configure:3815: $? = 0
configure:3824: result: yes
configure:3833: checking whether gcc accepts -g
configure:3853: gcc -c -g  conftest.c >&5
configure:3853: $? = 0
configure:3894: result: yes
configure:3911: checking for gcc option to accept ISO C89
configure:3974: gcc  -c -g -O2  conftest.c >&5
configure:3974: $? = 0
configure:3987: result: none needed
configure:4009: checking dependency style of gcc
configure:4099: result: gcc3
configure:4116: checking for a sed that does not truncate output
configure:4172: result: /bin/sed
configure:4175: checking for grep that handles long lines and -e
configure:4233: result: /bin/grep
configure:4238: checking for egrep
configure:4300: result: /bin/grep -E
configure:4316: checking for ld used by gcc
configure:4383: result: /usr/bin/ld
configure:4390: checking if the linker (/usr/bin/ld) is GNU ld
configure:4405: result: yes
configure:4410: checking for /usr/bin/ld option to reload object files
configure:4417: result: -r
configure:4435: checking for BSD-compatible nm
configure:4484: result: /usr/bin/nm -B
configure:4488: checking whether ln -s works
configure:4492: result: yes
configure:4499: checking how to recognize dependent libraries
configure:4685: result: pass_all
configure:4774: gcc -c -g -O2  conftest.c >&5
configure:4777: $? = 0
configure:4901: checking how to run the C preprocessor
configure:4932: gcc -E  conftest.c
configure:4932: $? = 0
configure:4946: gcc -E  conftest.c
conftest.c:11:28: fatal error: ac_nonexistent.h: No such file or directory
compilation terminated.
configure:4946: $? = 1
configure: failed program was:
| /* confdefs.h */
| #define PACKAGE_NAME "llconf"
| #define PACKAGE_TARNAME "llconf"
| #define PACKAGE_VERSION "0.4.6"
| #define PACKAGE_STRING "llconf 0.4.6"
| #define PACKAGE_BUGREPORT "<oku@debian.org>"
| #define PACKAGE_URL ""
| #define PACKAGE "llconf"
| #define VERSION "0.4.6"
| /* end confdefs.h.  */
| #include <ac_nonexistent.h>
configure:4971: result: gcc -E
configure:4991: gcc -E  conftest.c
configure:4991: $? = 0
configure:5005: gcc -E  conftest.c
conftest.c:11:28: fatal error: ac_nonexistent.h: No such file or directory
compilation terminated.
configure:5005: $? = 1
configure: failed program was:
| /* confdefs.h */
| #define PACKAGE_NAME "llconf"
| #define PACKAGE_TARNAME "llconf"
| #define PACKAGE_VERSION "0.4.6"
| #define PACKAGE_STRING "llconf 0.4.6"
| #define PACKAGE_BUGREPORT "<oku@debian.org>"
| #define PACKAGE_URL ""
| #define PACKAGE "llconf"
| #define VERSION "0.4.6"
| /* end confdefs.h.  */
| #include <ac_nonexistent.h>
configure:5034: checking for ANSI C header files
configure:5054: gcc -c -g -O2  conftest.c >&5
configure:5054: $? = 0
configure:5127: gcc -o conftest -g -O2   conftest.c  >&5
configure:5127: $? = 0
configure:5127: ./conftest
configure:5127: $? = 0
configure:5138: result: yes
configure:5151: checking for sys/types.h
configure:5151: gcc -c -g -O2  conftest.c >&5
configure:5151: $? = 0
configure:5151: result: yes
configure:5151: checking for sys/stat.h
configure:5151: gcc -c -g -O2  conftest.c >&5
configure:5151: $? = 0
configure:5151: result: yes
configure:5151: checking for stdlib.h
configure:5151: gcc -c -g -O2  conftest.c >&5
configure:5151: $? = 0
configure:5151: result: yes
configure:5151: checking for string.h
configure:5151: gcc -c -g -O2  conftest.c >&5
configure:5151: $? = 0
configure:5151: result: yes
configure:5151: checking for memory.h
configure:5151: gcc -c -g -O2  conftest.c >&5
configure:5151: $? = 0
configure:5151: result: yes
configure:5151: checking for strings.h
configure:5151: gcc -c -g -O2  conftest.c >&5
configure:5151: $? = 0
configure:5151: result: yes
configure:5151: checking for inttypes.h
configure:5151: gcc -c -g -O2  conftest.c >&5
configure:5151: $? = 0
configure:5151: result: yes
configure:5151: checking for stdint.h
configure:5151: gcc -c -g -O2  conftest.c >&5
configure:5151: $? = 0
configure:5151: result: yes
configure:5151: checking for unistd.h
configure:5151: gcc -c -g -O2  conftest.c >&5
configure:5151: $? = 0
configure:5151: result: yes
configure:5165: checking dlfcn.h usability
configure:5165: gcc -c -g -O2  conftest.c >&5
configure:5165: $? = 0
configure:5165: result: yes
configure:5165: checking dlfcn.h presence
configure:5165: gcc -E  conftest.c
configure:5165: $? = 0
configure:5165: result: yes
configure:5165: checking for dlfcn.h
configure:5165: result: yes
configure:5233: checking for g++
configure:5249: found /usr/bin/g++
configure:5260: result: g++
configure:5287: checking for C++ compiler version
configure:5296: g++ --version >&5
g++-4.6.real (Ubuntu/Linaro 4.6.3-1ubuntu5) 4.6.3
Copyright (C) 2011 Free Software Foundation, Inc.
This is free software; see the source for copying conditions.  There is NO
warranty; not even for MERCHANTABILITY or FITNESS FOR A PARTICULAR PURPOSE.

configure:5307: $? = 0
configure:5296: g++ -v >&5
Using built-in specs.
COLLECT_GCC=/usr/bin/g++-4.6.real
COLLECT_LTO_WRAPPER=/usr/lib/gcc/x86_64-linux-gnu/4.6/lto-wrapper
Target: x86_64-linux-gnu
Configured with: ../src/configure -v --with-pkgversion='Ubuntu/Linaro 4.6.3-1ubuntu5' --with-bugurl=file:///usr/share/doc/gcc-4.6/README.Bugs --enable-languages=c,c++,fortran,objc,obj-c++ --prefix=/usr --program-suffix=-4.6 --enable-shared --enable-linker-build-id --with-system-zlib --libexecdir=/usr/lib --without-included-gettext --enable-threads=posix --with-gxx-include-dir=/usr/include/c++/4.6 --libdir=/usr/lib --enable-nls --with-sysroot=/ --enable-clocale=gnu --enable-libstdcxx-debug --enable-libstdcxx-time=yes --enable-gnu-unique-object --enable-plugin --enable-objc-gc --disable-werror --with-arch-32=i686 --with-tune=generic --enable-checking=release --build=x86_64-linux-gnu --host=x86_64-linux-gnu --target=x86_64-linux-gnu
Thread model: posix
gcc version 4.6.3 (Ubuntu/Linaro 4.6.3-1ubuntu5) 
configure:5307: $? = 0
configure:5296: g++ -V >&5
g++-4.6.real: error: unrecognized option '-V'
g++-4.6.real: fatal error: no input files
compilation terminated.
configure:5307: $? = 4
configure:5296: g++ -qversion >&5
g++-4.6.real: error: unrecognized option '-qversion'
g++-4.6.real: fatal error: no input files
compilation terminated.
configure:5307: $? = 4
configure:5311: checking whether we are using the GNU C++ compiler
configure:5330: g++ -c   conftest.cpp >&5
configure:5330: $? = 0
configure:5339: result: yes
configure:5348: checking whether g++ accepts -g
configure:5368: g++ -c -g  conftest.cpp >&5
configure:5368: $? = 0
configure:5409: result: yes
configure:5434: checking dependency style of g++
configure:5524: result: gcc3
configure:5551: checking how to run the C++ preprocessor
configure:5578: g++ -E  conftest.cpp
configure:5578: $? = 0
configure:5592: g++ -E  conftest.cpp
conftest.cpp:22:28: fatal error: ac_nonexistent.h: No such file or directory
compilation terminated.
configure:5592: $? = 1
configure: failed program was:
| /* confdefs.h */
| #define PACKAGE_NAME "llconf"
| #define PACKAGE_TARNAME "llconf"
| #define PACKAGE_VERSION "0.4.6"
| #define PACKAGE_STRING "llconf 0.4.6"
| #define PACKAGE_BUGREPORT "<oku@debian.org>"
| #define PACKAGE_URL ""
| #define PACKAGE "llconf"
| #define VERSION "0.4.6"
| #define STDC_HEADERS 1
| #define HAVE_SYS_TYPES_H 1
| #define HAVE_SYS_STAT_H 1
| #define HAVE_STDLIB_H 1
| #define HAVE_STRING_H 1
| #define HAVE_MEMORY_H 1
| #define HAVE_STRINGS_H 1
| #define HAVE_INTTYPES_H 1
| #define HAVE_STDINT_H 1
| #define HAVE_UNISTD_H 1
| #define HAVE_DLFCN_H 1
| /* end confdefs.h.  */
| #include <ac_nonexistent.h>
configure:5617: result: g++ -E
configure:5637: g++ -E  conftest.cpp
configure:5637: $? = 0
configure:5651: g++ -E  conftest.cpp
conftest.cpp:22:28: fatal error: ac_nonexistent.h: No such file or directory
compilation terminated.
configure:5651: $? = 1
configure: failed program was:
| /* confdefs.h */
| #define PACKAGE_NAME "llconf"
| #define PACKAGE_TARNAME "llconf"
| #define PACKAGE_VERSION "0.4.6"
| #define PACKAGE_STRING "llconf 0.4.6"
| #define PACKAGE_BUGREPORT "<oku@debian.org>"
| #define PACKAGE_URL ""
| #define PACKAGE "llconf"
| #define VERSION "0.4.6"
| #define STDC_HEADERS 1
| #define HAVE_SYS_TYPES_H 1
| #define HAVE_SYS_STAT_H 1
| #define HAVE_STDLIB_H 1
| #define HAVE_STRING_H 1
| #define HAVE_MEMORY_H 1
| #define HAVE_STRINGS_H 1
| #define HAVE_INTTYPES_H 1
| #define HAVE_STDINT_H 1
| #define HAVE_UNISTD_H 1
| #define HAVE_DLFCN_H 1
| /* end confdefs.h.  */
| #include <ac_nonexistent.h>
configure:5735: checking for g77
configure:5765: result: no
configure:5735: checking for xlf
configure:5765: result: no
configure:5735: checking for f77
configure:5765: result: no
configure:5735: checking for frt
configure:5765: result: no
configure:5735: checking for pgf77
configure:5765: result: no
configure:5735: checking for cf77
configure:5765: result: no
configure:5735: checking for fort77
configure:5765: result: no
configure:5735: checking for fl32
configure:5765: result: no
configure:5735: checking for af77
configure:5765: result: no
configure:5735: checking for xlf90
configure:5765: result: no
configure:5735: checking for f90
configure:5765: result: no
configure:5735: checking for pgf90
configure:5765: result: no
configure:5735: checking for pghpf
configure:5765: result: no
configure:5735: checking for epcf90
configure:5765: result: no
configure:5735: checking for gfortran
configure:5765: result: no
configure:5735: checking for g95
configure:5765: result: no
configure:5735: checking for xlf95
configure:5765: result: no
configure:5735: checking for f95
configure:5765: result: no
configure:5735: checking for fort
configure:5765: result: no
configure:5735: checking for ifort
configure:5765: result: no
configure:5735: checking for ifc
configure:5765: result: no
configure:5735: checking for efc
configure:5765: result: no
configure:5735: checking for pgfortran
configure:5765: result: no
configure:5735: checking for pgf95
configure:5765: result: no
configure:5735: checking for lf95
configure:5765: result: no
configure:5735: checking for ftn
configure:5765: result: no
configure:5735: checking for nagfor
configure:5765: result: no
configure:5788: checking for Fortran 77 compiler version
configure:5797:  --version >&5
./configure: line 5799: --version: command not found
configure:5808: $? = 127
configure:5797:  -v >&5
./configure: line 5799: -v: command not found
configure:5808: $? = 127
configure:5797:  -V >&5
./configure: line 5799: -V: command not found
configure:5808: $? = 127
configure:5797:  -qversion >&5
./configure: line 5799: -qversion: command not found
configure:5808: $? = 127
configure:5817: checking whether we are using the GNU Fortran 77 compiler
configure:5830:  -c  conftest.F >&5
./configure: line 2126: -c: command not found
configure:5830: $? = 127
configure: failed program was:
|       program main
| #ifndef __GNUC__
|        choke me
| #endif
| 
|       end
configure:5839: result: no
configure:5845: checking whether  accepts -g
configure:5856:  -c -g conftest.f >&5
./configure: line 2126: -c: command not found
configure:5856: $? = 127
configure: failed program was:
|       program main
| 
|       end
configure:5864: result: no
configure:5898: checking the maximum length of command line arguments
configure:6010: result: 1572864
configure:6022: checking command to parse /usr/bin/nm -B output from gcc object
configure:6127: gcc -c -g -O2  conftest.c >&5
configure:6130: $? = 0
configure:6134: /usr/bin/nm -B conftest.o \| sed -n -e 's/^.*[ 	]\([ABCDGIRSTW][ABCDGIRSTW]*\)[ 	][ 	]*\([_A-Za-z][_A-Za-z0-9]*\)$/\1 \2 \2/p' \> conftest.nm
configure:6137: $? = 0
configure:6189: gcc -o conftest -g -O2   conftest.c conftstm.o >&5
configure:6192: $? = 0
configure:6230: result: ok
configure:6234: checking for objdir
configure:6249: result: .libs
configure:6341: checking for ar
configure:6357: found /usr/bin/ar
configure:6368: result: ar
configure:6433: checking for ranlib
configure:6449: found /usr/bin/ranlib
configure:6460: result: ranlib
configure:6525: checking for strip
configure:6541: found /usr/bin/strip
configure:6552: result: strip
configure:6834: checking if gcc supports -fno-rtti -fno-exceptions
configure:6852: gcc -c -g -O2  -fno-rtti -fno-exceptions conftest.c >&5
cc1: warning: command line option '-fno-rtti' is valid for C++/ObjC++ but not for C [enabled by default]
configure:6856: $? = 0
configure:6869: result: no
configure:6884: checking for gcc option to produce PIC
configure:7116: result: -fPIC
configure:7124: checking if gcc PIC flag -fPIC works
configure:7142: gcc -c -g -O2  -fPIC -DPIC conftest.c >&5
configure:7146: $? = 0
configure:7159: result: yes
configure:7187: checking if gcc static flag -static works
configure:7215: result: yes
configure:7225: checking if gcc supports -c -o file.o
configure:7246: gcc -c -g -O2  -o out/conftest2.o conftest.c >&5
configure:7250: $? = 0
configure:7272: result: yes
configure:7298: checking whether the gcc linker (/usr/bin/ld -m elf_x86_64) supports shared libraries
configure:8225: result: yes
configure:8246: checking whether -lc should be explicitly linked in
configure:8251: gcc -c -g -O2  conftest.c >&5
configure:8254: $? = 0
configure:8269: gcc -shared conftest.o  -v -Wl,-soname -Wl,conftest -o conftest 2\>\&1 \| grep  -lc  \>/dev/null 2\>\&1
configure:8272: $? = 0
configure:8284: result: no
configure:8292: checking dynamic linker characteristics
configure:8906: result: GNU/Linux ld.so
configure:8915: checking how to hardcode library paths into programs
configure:8940: result: immediate
configure:8954: checking whether stripping libraries is possible
configure:8959: result: yes
configure:9476: checking if libtool supports shared libraries
configure:9478: result: yes
configure:9481: checking whether to build shared libraries
configure:9502: result: yes
configure:9505: checking whether to build static libraries
configure:9509: result: yes
configure:9602: creating libtool
configure:10186: checking for ld used by g++
configure:10253: result: /usr/bin/ld -m elf_x86_64
configure:10260: checking if the linker (/usr/bin/ld -m elf_x86_64) is GNU ld
configure:10275: result: yes
configure:10326: checking whether the g++ linker (/usr/bin/ld -m elf_x86_64) supports shared libraries
configure:11246: result: yes
configure:11264: g++ -c -g -O2  conftest.cpp >&5
configure:11267: $? = 0
configure:11419: checking for g++ option to produce PIC
configure:11703: result: -fPIC
configure:11711: checking if g++ PIC flag -fPIC works
configure:11729: g++ -c -g -O2  -fPIC -DPIC conftest.cpp >&5
configure:11733: $? = 0
configure:11746: result: yes
configure:11774: checking if g++ static flag -static works
configure:11802: result: yes
configure:11812: checking if g++ supports -c -o file.o
configure:11833: g++ -c -g -O2  -o out/conftest2.o conftest.cpp >&5
configure:11837: $? = 0
configure:11859: result: yes
configure:11885: checking whether the g++ linker (/usr/bin/ld -m elf_x86_64) supports shared libraries
configure:11913: result: yes
configure:11980: checking dynamic linker characteristics
configure:12542: result: GNU/Linux ld.so
configure:12551: checking how to hardcode library paths into programs
configure:12576: result: immediate
configure:18719: checking for gcc
configure:18746: result: gcc
configure:18975: checking for C compiler version
configure:18984: gcc --version >&5
gcc-4.6.real (Ubuntu/Linaro 4.6.3-1ubuntu5) 4.6.3
Copyright (C) 2011 Free Software Foundation, Inc.
This is free software; see the source for copying conditions.  There is NO
warranty; not even for MERCHANTABILITY or FITNESS FOR A PARTICULAR PURPOSE.

configure:18995: $? = 0
configure:18984: gcc -v >&5
Using built-in specs.
COLLECT_GCC=/usr/bin/gcc-4.6.real
COLLECT_LTO_WRAPPER=/usr/lib/gcc/x86_64-linux-gnu/4.6/lto-wrapper
Target: x86_64-linux-gnu
Configured with: ../src/configure -v --with-pkgversion='Ubuntu/Linaro 4.6.3-1ubuntu5' --with-bugurl=file:///usr/share/doc/gcc-4.6/README.Bugs --enable-languages=c,c++,fortran,objc,obj-c++ --prefix=/usr --program-suffix=-4.6 --enable-shared --enable-linker-build-id --with-system-zlib --libexecdir=/usr/lib --without-included-gettext --enable-threads=posix --with-gxx-include-dir=/usr/include/c++/4.6 --libdir=/usr/lib --enable-nls --with-sysroot=/ --enable-clocale=gnu --enable-libstdcxx-debug --enable-libstdcxx-time=yes --enable-gnu-unique-object --enable-plugin --enable-objc-gc --disable-werror --with-arch-32=i686 --with-tune=generic --enable-checking=release --build=x86_64-linux-gnu --host=x86_64-linux-gnu --target=x86_64-linux-gnu
Thread model: posix
gcc version 4.6.3 (Ubuntu/Linaro 4.6.3-1ubuntu5) 
configure:18995: $? = 0
configure:18984: gcc -V >&5
gcc-4.6.real: error: unrecognized option '-V'
gcc-4.6.real: fatal error: no input files
compilation terminated.
configure:18995: $? = 4
configure:18984: gcc -qversion >&5
gcc-4.6.real: error: unrecognized option '-qversion'
gcc-4.6.real: fatal error: no input files
compilation terminated.
configure:18995: $? = 4
configure:18999: checking whether we are using the GNU C compiler
configure:19027: result: yes
configure:19036: checking whether gcc accepts -g
configure:19097: result: yes
configure:19114: checking for gcc option to accept ISO C89
configure:19190: result: none needed
configure:19212: checking dependency style of gcc
configure:19302: result: gcc3
configure:19323: checking for ANSI C header files
configure:19427: result: yes
configure:19438: checking for stdlib.h
configure:19438: result: yes
configure:19438: checking for string.h
configure:19438: result: yes
configure:19438: checking for unistd.h
configure:19438: result: yes
configure:19450: checking for an ANSI C-conforming const
configure:19516: gcc -c -g -O2  conftest.c >&5
configure:19516: $? = 0
configure:19523: result: yes
configure:19535: checking for stdlib.h
configure:19535: result: yes
configure:19545: checking for GNU libc compatible malloc
configure:19569: gcc -o conftest -g -O2   conftest.c  >&5
configure:19569: $? = 0
configure:19569: ./conftest
configure:19569: $? = 0
configure:19579: result: yes
configure:19603: checking for memset
configure:19603: gcc -o conftest -g -O2   conftest.c  >&5
conftest.c:51:6: warning: conflicting types for built-in function 'memset' [enabled by default]
configure:19603: $? = 0
configure:19603: result: yes
configure:19603: checking for strdup
configure:19603: gcc -o conftest -g -O2   conftest.c  >&5
conftest.c:52:6: warning: conflicting types for built-in function 'strdup' [enabled by default]
configure:19603: $? = 0
configure:19603: result: yes
configure:19603: checking for strerror
configure:19603: gcc -o conftest -g -O2   conftest.c  >&5
configure:19603: $? = 0
configure:19603: result: yes
configure:19744: creating ./config.status

## ---------------------- ##
## Running config.status. ##
## ---------------------- ##

This file was extended by llconf config.status 0.4.6, which was
generated by GNU Autoconf 2.69.  Invocation command line was

  CONFIG_FILES    = 
  CONFIG_HEADERS  = 
  CONFIG_LINKS    = 
  CONFIG_COMMANDS = 
  $ ./config.status 

on os-tsinghua

config.status:882: creating Makefile
config.status:985: WARNING:  'Makefile.in' seems to ignore the --datarootdir setting
config.status:882: creating llconf.pc
config.status:882: creating src/Makefile
config.status:985: WARNING:  'src/Makefile.in' seems to ignore the --datarootdir setting
config.status:882: creating src/parsers/Makefile
config.status:985: WARNING:  'src/parsers/Makefile.in' seems to ignore the --datarootdir setting
config.status:882: creating examples/Makefile
config.status:985: WARNING:  'examples/Makefile.in' seems to ignore the --datarootdir setting
config.status:882: creating doc/Makefile
config.status:985: WARNING:  'doc/Makefile.in' seems to ignore the --datarootdir setting
config.status:882: creating debian/Makefile
config.status:985: WARNING:  'debian/Makefile.in' seems to ignore the --datarootdir setting
config.status:882: creating config.h
config.status:1057: config.h is unchanged
config.status:1104: executing depfiles commands

## ---------------- ##
## Cache variables. ##
## ---------------- ##

ac_cv_build=x86_64-unknown-linux-gnu
ac_cv_c_compiler_gnu=yes
ac_cv_c_const=yes
ac_cv_cxx_compiler_gnu=yes
ac_cv_env_CCC_set=
ac_cv_env_CCC_value=
ac_cv_env_CC_set=
ac_cv_env_CC_value=
ac_cv_env_CFLAGS_set=
ac_cv_env_CFLAGS_value=
ac_cv_env_CPPFLAGS_set=
ac_cv_env_CPPFLAGS_value=
ac_cv_env_CPP_set=
ac_cv_env_CPP_value=
ac_cv_env_CXXCPP_set=
ac_cv_env_CXXCPP_value=
ac_cv_env_CXXFLAGS_set=
ac_cv_env_CXXFLAGS_value=
ac_cv_env_CXX_set=
ac_cv_env_CXX_value=
ac_cv_env_F77_set=
ac_cv_env_F77_value=
ac_cv_env_FFLAGS_set=
ac_cv_env_FFLAGS_value=
ac_cv_env_LDFLAGS_set=
ac_cv_env_LDFLAGS_value=
ac_cv_env_LIBS_set=
ac_cv_env_LIBS_value=
ac_cv_env_build_alias_set=
ac_cv_env_build_alias_value=
ac_cv_env_host_alias_set=
ac_cv_env_host_alias_value=
ac_cv_env_target_alias_set=
ac_cv_env_target_alias_value=
ac_cv_f77_compiler_gnu=no
ac_cv_func_malloc_0_nonnull=yes
ac_cv_func_memset=yes
ac_cv_func_strdup=yes
ac_cv_func_strerror=yes
ac_cv_header_dlfcn_h=yes
ac_cv_header_inttypes_h=yes
ac_cv_header_memory_h=yes
ac_cv_header_stdc=yes
ac_cv_header_stdint_h=yes
ac_cv_header_stdlib_h=yes
ac_cv_header_string_h=yes
ac_cv_header_strings_h=yes
ac_cv_header_sys_stat_h=yes
ac_cv_header_sys_types_h=yes
ac_cv_header_unistd_h=yes
ac_cv_host=x86_64-unknown-linux-gnu
ac_cv_objext=o
ac_cv_path_EGREP='/bin/grep -E'
ac_cv_path_GREP=/bin/grep
ac_cv_path_install='/usr/bin/install -c'
ac_cv_prog_AWK=gawk
ac_cv_prog_CPP='gcc -E'
ac_cv_prog_CXXCPP='g++ -E'
ac_cv_prog_ac_ct_AR=ar
ac_cv_prog_ac_ct_CC=gcc
ac_cv_prog_ac_ct_CXX=g++
ac_cv_prog_ac_ct_RANLIB=ranlib
ac_cv_prog_ac_ct_STRIP=strip
ac_cv_prog_cc_c89=
ac_cv_prog_cc_g=yes
ac_cv_prog_cxx_g=yes
ac_cv_prog_f77_g=no
ac_cv_prog_make_make_set=yes
am_cv_CC_dependencies_compiler_type=gcc3
am_cv_CXX_dependencies_compiler_type=gcc3
lt_cv_deplibs_check_method=pass_all
lt_cv_file_magic_cmd='$MAGIC_CMD'
lt_cv_file_magic_test_file=
lt_cv_ld_reload_flag=-r
lt_cv_objdir=.libs
lt_cv_path_LD=/usr/bin/ld
lt_cv_path_LDCXX='/usr/bin/ld -m elf_x86_64'
lt_cv_path_NM='/usr/bin/nm -B'
lt_cv_path_SED=/bin/sed
lt_cv_prog_compiler_c_o=yes
lt_cv_prog_compiler_c_o_CXX=yes
lt_cv_prog_compiler_rtti_exceptions=no
lt_cv_prog_gnu_ld=yes
lt_cv_prog_gnu_ldcxx=yes
lt_cv_sys_global_symbol_pipe='sed -n -e '\''s/^.*[ 	]\([ABCDGIRSTW][ABCDGIRSTW]*\)[ 	][ 	]*\([_A-Za-z][_A-Za-z0-9]*\)$/\1 \2 \2/p'\'''
lt_cv_sys_global_symbol_to_c_name_address='sed -n -e '\''s/^: \([^ ]*\) $/  {\"\1\", (lt_ptr) 0},/p'\'' -e '\''s/^[BCDEGRST] \([^ ]*\) \([^ ]*\)$/  {"\2", (lt_ptr) \&\2},/p'\'''
lt_cv_sys_global_symbol_to_cdecl='sed -n -e '\''s/^. .* \(.*\)$/extern int \1;/p'\'''
lt_cv_sys_max_cmd_len=1572864
lt_lt_cv_prog_compiler_c_o='"yes"'
lt_lt_cv_prog_compiler_c_o_CXX='"yes"'
lt_lt_cv_sys_global_symbol_pipe='"sed -n -e '\''s/^.*[ 	]\\([ABCDGIRSTW][ABCDGIRSTW]*\\)[ 	][ 	]*\\([_A-Za-z][_A-Za-z0-9]*\\)\$/\\1 \\2 \\2/p'\''"'
lt_lt_cv_sys_global_symbol_to_c_name_address='"sed -n -e '\''s/^: \\([^ ]*\\) \$/  {\\\"\\1\\\", (lt_ptr) 0},/p'\'' -e '\''s/^[BCDEGRST] \\([^ ]*\\) \\([^ ]*\\)\$/  {\"\\2\", (lt_ptr) \\&\\2},/p'\''"'
lt_lt_cv_sys_global_symbol_to_cdecl='"sed -n -e '\''s/^. .* \\(.*\\)\$/extern int \\1;/p'\''"'

## ----------------- ##
## Output variables. ##
## ----------------- ##

ACLOCAL='${SHELL} /home/os/decaf18/decaf-platform/shared/llconf/missing --run aclocal-1.9'
AMDEPBACKSLASH='\'
AMDEP_FALSE='#'
AMDEP_TRUE=''
AMTAR='${SHELL} /home/os/decaf18/decaf-platform/shared/llconf/missing --run tar'
AR='ar'
AUTOCONF='${SHELL} /home/os/decaf18/decaf-platform/shared/llconf/missing --run autoconf'
AUTOHEADER='${SHELL} /home/os/decaf18/decaf-platform/shared/llconf/missing --run autoheader'
AUTOMAKE='${SHELL} /home/os/decaf18/decaf-platform/shared/llconf/missing --run automake-1.9'
AWK='gawk'
CC='gcc'
CCDEPMODE='depmode=gcc3'
CFLAGS='-g -O2'
CPP='gcc -E'
CPPFLAGS=''
CXX='g++'
CXXCPP='g++ -E'
CXXDEPMODE='depmode=gcc3'
CXXFLAGS='-g -O2'
CYGPATH_W='echo'
DEFS='-DHAVE_CONFIG_H'
DEPDIR='.deps'
ECHO='echo'
ECHO_C=''
ECHO_N='-n'
ECHO_T=''
EGREP='/bin/grep -E'
EXEEXT=''
F77=''
FFLAGS=''
GREP='/bin/grep'
INSTALL_DATA='${INSTALL} -m 644'
INSTALL_PROGRAM='${INSTALL}'
INSTALL_SCRIPT='${INSTALL}'
INSTALL_STRIP_PROGRAM='${SHELL} $(install_sh) -c -s'
LDFLAGS=''
LIBOBJS=''
LIBS=''
LIBTOOL='$(SHELL) $(top_builddir)/libtool'
LN_S='ln -s'
LTLIBOBJS=''
MAKEINFO='${SHELL} /home/os/decaf18/decaf-platform/shared/llconf/missing --run makeinfo'
OBJEXT='o'
PACKAGE='llconf'
PACKAGE_BUGREPORT='<oku@debian.org>'
PACKAGE_NAME='llconf'
PACKAGE_STRING='llconf 0.4.6'
PACKAGE_TARNAME='llconf'
PACKAGE_URL=''
PACKAGE_VERSION='0.4.6'
PATH_SEPARATOR=':'
RANLIB='ranlib'
SED='/bin/sed'
SET_MAKE=''
SHELL='/bin/bash'
STRIP='strip'
VERSION='0.4.6'
ac_ct_CC='gcc'
ac_ct_CXX='g++'
ac_ct_F77=''
am__fastdepCC_FALSE='#'
am__fastdepCC_TRUE=''
am__fastdepCXX_FALSE='#'
am__fastdepCXX_TRUE=''
am__include='include'
am__leading_dot='.'
am__quote=''
am__tar='${AMTAR} chof - "$$tardir"'
am__untar='${AMTAR} xf -'
bindir='${exec_prefix}/bin'
build='x86_64-unknown-linux-gnu'
build_alias=''
build_cpu='x86_64'
build_os='linux-gnu'
build_vendor='unknown'
datadir='${datarootdir}'
datarootdir='${prefix}/share'
docdir='${datarootdir}/doc/${PACKAGE_TARNAME}'
dvidir='${docdir}'
exec_prefix='${prefix}'
host='x86_64-unknown-linux-gnu'
host_alias=''
host_cpu='x86_64'
host_os='linux-gnu'
host_vendor='unknown'
htmldir='${docdir}'
includedir='${prefix}/include'
infodir='${datarootdir}/info'
install_sh='/home/os/decaf18/decaf-platform/shared/llconf/install-sh'
libdir='${exec_prefix}/lib'
libexecdir='${exec_prefix}/libexec'
localedir='${datarootdir}/locale'
localstatedir='${prefix}/var'
mandir='${datarootdir}/man'
mkdir_p='mkdir -p --'
oldincludedir='/usr/include'
pdfdir='${docdir}'
prefix='/home/os/decaf18/decaf-platform/shared/llconf/install'
program_transform_name='s,x,x,'
psdir='${docdir}'
sbindir='${exec_prefix}/sbin'
sharedstatedir='${prefix}/com'
sysconfdir='${prefix}/etc'
target_alias=''

## ----------- ##
## confdefs.h. ##
## ----------- ##

/* confdefs.h */
#define PACKAGE_NAME "llconf"
#define PACKAGE_TARNAME "llconf"
#define PACKAGE_VERSION "0.4.6"
#define PACKAGE_STRING "llconf 0.4.6"
#define PACKAGE_BUGREPORT "<oku@debian.org>"
#define PACKAGE_URL ""
#define PACKAGE "llconf"
#define VERSION "0.4.6"
#define STDC_HEADERS 1
#define HAVE_SYS_TYPES_H 1
#define HAVE_SYS_STAT_H 1
#define HAVE_STDLIB_H 1
#define HAVE_STRING_H 1
#define HAVE_MEMORY_H 1
#define HAVE_STRINGS_H 1
#define HAVE_INTTYPES_H 1
#define HAVE_STDINT_H 1
#define HAVE_UNISTD_H 1
#define HAVE_DLFCN_H 1
#define STDC_HEADERS 1
#define HAVE_STDLIB_H 1
#define HAVE_STRING_H 1
#define HAVE_UNISTD_H 1
#define HAVE_STDLIB_H 1
#define HAVE_MALLOC 1
#define HAVE_MEMSET 1
#define HAVE_STRDUP 1
#define HAVE_STRERROR 1

configure: exit 0
